{"time":"2025-12-28T19:36:17.383702-06:00","level":"INFO","msg":"VT-UOS starting","version":"dev","build_time":"unknown","config_path":"testdata/vault-076.toml"}
{"time":"2025-12-28T19:36:17.385514-06:00","level":"INFO","msg":"applying migration","version":1,"description":"initial"}
{"time":"2025-12-28T19:36:17.388123-06:00","level":"INFO","msg":"migrations complete","from":0,"to":1,"applied":1}
{"time":"2025-12-28T19:36:17.388128-06:00","level":"INFO","msg":"applied migrations","count":1,"to_version":1}
{"time":"2025-12-28T19:36:17.38813-06:00","level":"INFO","msg":"migrations complete, exiting"}
{"time":"2025-12-28T19:36:17.388145-06:00","level":"INFO","msg":"closing database"}
{"time":"2025-12-28T19:36:17.388773-06:00","level":"INFO","msg":"database closed gracefully"}
{"time":"2025-12-28T19:43:05.318624-06:00","level":"INFO","msg":"VT-UOS starting","version":"dev","build_time":"unknown","config_path":"testdata/vault-076.toml"}
{"time":"2025-12-28T19:43:05.320787-06:00","level":"INFO","msg":"database integrity check passed","path":"/Users/stephenperry/.local/share/vtuos/vault.db"}
{"time":"2025-12-28T19:43:05.321716-06:00","level":"INFO","msg":"database is up to date","version":1}
{"time":"2025-12-28T19:43:05.321725-06:00","level":"INFO","msg":"migrations complete, exiting"}
{"time":"2025-12-28T19:43:05.321731-06:00","level":"INFO","msg":"closing database"}
{"time":"2025-12-28T19:43:05.32197-06:00","level":"INFO","msg":"database closed gracefully"}
{"time":"2025-12-28T19:50:35.868579-06:00","level":"INFO","msg":"VT-UOS starting","version":"dev","build_time":"unknown","config_path":"/Users/stephenperry/.config/vtuos/vault.toml"}
{"time":"2025-12-28T19:50:35.87198-06:00","level":"INFO","msg":"database integrity check passed","path":"/Users/stephenperry/.local/share/vtuos/vault.db"}
{"time":"2025-12-28T19:50:35.873786-06:00","level":"INFO","msg":"applying migration","version":2,"description":"performance hardening"}
{"time":"2025-12-28T19:50:35.878257-06:00","level":"INFO","msg":"migrations complete","from":1,"to":2,"applied":1}
{"time":"2025-12-28T19:50:35.878268-06:00","level":"INFO","msg":"applied migrations","count":1,"to_version":2}
{"time":"2025-12-28T19:50:35.878274-06:00","level":"INFO","msg":"migrations complete, exiting"}
{"time":"2025-12-28T19:50:35.878294-06:00","level":"INFO","msg":"closing database"}
{"time":"2025-12-28T19:50:35.87915-06:00","level":"INFO","msg":"database closed gracefully"}
{"time":"2025-12-28T19:50:44.153855-06:00","level":"INFO","msg":"VT-UOS starting","version":"dev","build_time":"unknown","config_path":"/Users/stephenperry/.config/vtuos/vault.toml"}
{"time":"2025-12-28T19:50:44.155693-06:00","level":"INFO","msg":"database integrity check passed","path":"/Users/stephenperry/.local/share/vtuos/vault.db"}
{"time":"2025-12-28T19:50:44.157187-06:00","level":"INFO","msg":"database is up to date","version":2}
{"time":"2025-12-28T19:50:44.157194-06:00","level":"INFO","msg":"migrations complete, exiting"}
{"time":"2025-12-28T19:50:44.157199-06:00","level":"INFO","msg":"closing database"}
{"time":"2025-12-28T19:50:44.157433-06:00","level":"INFO","msg":"database closed gracefully"}
{"time":"2025-12-28T19:50:56.688883-06:00","level":"INFO","msg":"VT-UOS starting","version":"dev","build_time":"unknown","config_path":"/Users/stephenperry/.config/vtuos/vault.toml"}
{"time":"2025-12-28T19:50:56.69084-06:00","level":"INFO","msg":"database integrity check passed","path":"/Users/stephenperry/.local/share/vtuos/vault.db"}
{"time":"2025-12-28T19:50:56.692435-06:00","level":"INFO","msg":"database is up to date","version":2}
{"time":"2025-12-28T19:50:56.692445-06:00","level":"INFO","msg":"migrations complete, exiting"}
{"time":"2025-12-28T19:50:56.692451-06:00","level":"INFO","msg":"closing database"}
{"time":"2025-12-28T19:50:56.692754-06:00","level":"INFO","msg":"database closed gracefully"}
{"time":"2025-12-28T20:07:10.619482-06:00","level":"INFO","msg":"VT-UOS starting","version":"dev","build_time":"unknown","config_path":"/Users/stephenperry/.config/vtuos/vault.toml"}
{"time":"2025-12-28T20:07:10.622472-06:00","level":"INFO","msg":"applying migration","version":1,"description":"initial"}
{"time":"2025-12-28T20:07:10.627079-06:00","level":"INFO","msg":"applying migration","version":2,"description":"performance hardening"}
{"time":"2025-12-28T20:07:10.631459-06:00","level":"INFO","msg":"migrations complete","from":0,"to":2,"applied":2}
{"time":"2025-12-28T20:07:10.631465-06:00","level":"INFO","msg":"applied migrations","count":2,"to_version":2}
{"time":"2025-12-28T20:07:10.631468-06:00","level":"INFO","msg":"generating seed data","vault":76}
{"time":"2025-12-28T20:07:10.631515-06:00","level":"INFO","msg":"starting seed data generation","vault":76,"target_population":500}
{"time":"2025-12-28T20:07:10.631528-06:00","level":"DEBUG","msg":"generating quarters"}
{"time":"2025-12-28T20:07:10.645809-06:00","level":"DEBUG","msg":"quarters generated","count":500}
{"time":"2025-12-28T20:07:10.645838-06:00","level":"DEBUG","msg":"generating vocations"}
{"time":"2025-12-28T20:07:10.64686-06:00","level":"DEBUG","msg":"vocations generated","count":36}
{"time":"2025-12-28T20:07:10.646868-06:00","level":"DEBUG","msg":"generating family households","count":100}
{"time":"2025-12-28T20:07:10.646981-06:00","level":"INFO","msg":"closing database"}
{"time":"2025-12-28T20:07:10.648235-06:00","level":"INFO","msg":"database closed gracefully"}
{"time":"2025-12-28T20:07:52.085024-06:00","level":"INFO","msg":"VT-UOS starting","version":"dev","build_time":"unknown","config_path":"/Users/stephenperry/.config/vtuos/vault.toml"}
{"time":"2025-12-28T20:07:52.086009-06:00","level":"INFO","msg":"applying migration","version":1,"description":"initial"}
{"time":"2025-12-28T20:07:52.088715-06:00","level":"INFO","msg":"applying migration","version":2,"description":"performance hardening"}
{"time":"2025-12-28T20:07:52.091446-06:00","level":"INFO","msg":"migrations complete","from":0,"to":2,"applied":2}
{"time":"2025-12-28T20:07:52.09145-06:00","level":"INFO","msg":"applied migrations","count":2,"to_version":2}
{"time":"2025-12-28T20:07:52.091453-06:00","level":"INFO","msg":"generating seed data","vault":76}
{"time":"2025-12-28T20:07:52.091474-06:00","level":"INFO","msg":"starting seed data generation","vault":76,"target_population":500}
{"time":"2025-12-28T20:07:52.101316-06:00","level":"INFO","msg":"closing database"}
{"time":"2025-12-28T20:07:52.102362-06:00","level":"INFO","msg":"database closed gracefully"}
{"time":"2025-12-28T20:08:17.49003-06:00","level":"INFO","msg":"VT-UOS starting","version":"dev","build_time":"unknown","config_path":"/Users/stephenperry/.config/vtuos/vault.toml"}
{"time":"2025-12-28T20:08:17.49106-06:00","level":"INFO","msg":"applying migration","version":1,"description":"initial"}
{"time":"2025-12-28T20:08:17.493804-06:00","level":"INFO","msg":"applying migration","version":2,"description":"performance hardening"}
{"time":"2025-12-28T20:08:17.496609-06:00","level":"INFO","msg":"migrations complete","from":0,"to":2,"applied":2}
{"time":"2025-12-28T20:08:17.496615-06:00","level":"INFO","msg":"applied migrations","count":2,"to_version":2}
{"time":"2025-12-28T20:08:17.496618-06:00","level":"INFO","msg":"generating seed data","vault":76}
{"time":"2025-12-28T20:08:17.496642-06:00","level":"INFO","msg":"starting seed data generation","vault":76,"target_population":500}
{"time":"2025-12-28T20:08:17.506403-06:00","level":"INFO","msg":"closing database"}
{"time":"2025-12-28T20:08:17.507424-06:00","level":"INFO","msg":"database closed gracefully"}
{"time":"2025-12-28T20:08:25.835075-06:00","level":"INFO","msg":"VT-UOS starting","version":"dev","build_time":"unknown","config_path":"/Users/stephenperry/.config/vtuos/vault.toml"}
{"time":"2025-12-28T20:08:25.836025-06:00","level":"INFO","msg":"applying migration","version":1,"description":"initial"}
{"time":"2025-12-28T20:08:25.838582-06:00","level":"INFO","msg":"applying migration","version":2,"description":"performance hardening"}
{"time":"2025-12-28T20:08:25.841309-06:00","level":"INFO","msg":"migrations complete","from":0,"to":2,"applied":2}
{"time":"2025-12-28T20:08:25.841313-06:00","level":"INFO","msg":"applied migrations","count":2,"to_version":2}
{"time":"2025-12-28T20:08:25.841318-06:00","level":"INFO","msg":"generating seed data","vault":76}
{"time":"2025-12-28T20:08:25.841337-06:00","level":"INFO","msg":"starting seed data generation","vault":76,"target_population":500}
{"time":"2025-12-28T20:08:25.851566-06:00","level":"INFO","msg":"closing database"}
{"time":"2025-12-28T20:08:25.852597-06:00","level":"INFO","msg":"database closed gracefully"}
{"time":"2025-12-28T20:08:33.279905-06:00","level":"INFO","msg":"VT-UOS starting","version":"dev","build_time":"unknown","config_path":"/Users/stephenperry/.config/vtuos/vault.toml"}
{"time":"2025-12-28T20:08:33.281305-06:00","level":"INFO","msg":"database integrity check passed","path":"/Users/stephenperry/.local/share/vtuos/vault.db"}
{"time":"2025-12-28T20:08:33.281311-06:00","level":"DEBUG","msg":"database integrity verified"}
{"time":"2025-12-28T20:08:33.282358-06:00","level":"INFO","msg":"database is up to date","version":2}
{"time":"2025-12-28T20:08:33.282364-06:00","level":"INFO","msg":"generating seed data","vault":76}
{"time":"2025-12-28T20:08:33.282384-06:00","level":"INFO","msg":"starting seed data generation","vault":76,"target_population":500}
{"time":"2025-12-28T20:08:33.282429-06:00","level":"DEBUG","msg":"generating quarters"}
{"time":"2025-12-28T20:08:33.29145-06:00","level":"DEBUG","msg":"quarters generated","count":500}
{"time":"2025-12-28T20:08:33.291473-06:00","level":"DEBUG","msg":"generating vocations"}
{"time":"2025-12-28T20:08:33.292185-06:00","level":"DEBUG","msg":"vocations generated","count":36}
{"time":"2025-12-28T20:08:33.292191-06:00","level":"DEBUG","msg":"generating family households","count":100}
{"time":"2025-12-28T20:08:33.292273-06:00","level":"INFO","msg":"closing database"}
{"time":"2025-12-28T20:08:33.29253-06:00","level":"INFO","msg":"database closed gracefully"}
{"time":"2025-12-28T20:08:52.296721-06:00","level":"INFO","msg":"VT-UOS starting","version":"dev","build_time":"unknown","config_path":"/Users/stephenperry/.config/vtuos/vault.toml"}
{"time":"2025-12-28T20:08:52.298189-06:00","level":"INFO","msg":"database integrity check passed","path":"/Users/stephenperry/.local/share/vtuos/vault.db"}
{"time":"2025-12-28T20:08:52.299225-06:00","level":"INFO","msg":"database is up to date","version":2}
{"time":"2025-12-28T20:08:52.29923-06:00","level":"INFO","msg":"generating seed data","vault":76}
{"time":"2025-12-28T20:08:52.299251-06:00","level":"INFO","msg":"starting seed data generation","vault":76,"target_population":500}
{"time":"2025-12-28T20:08:52.30869-06:00","level":"INFO","msg":"closing database"}
{"time":"2025-12-28T20:08:52.308909-06:00","level":"INFO","msg":"database closed gracefully"}
{"time":"2025-12-28T20:09:15.14301-06:00","level":"INFO","msg":"VT-UOS starting","version":"dev","build_time":"unknown","config_path":"/Users/stephenperry/.config/vtuos/vault.toml"}
{"time":"2025-12-28T20:09:15.14445-06:00","level":"INFO","msg":"database integrity check passed","path":"/Users/stephenperry/.local/share/vtuos/vault.db"}
{"time":"2025-12-28T20:09:15.145535-06:00","level":"INFO","msg":"database is up to date","version":2}
{"time":"2025-12-28T20:09:15.145541-06:00","level":"INFO","msg":"generating seed data","vault":76}
{"time":"2025-12-28T20:09:15.145562-06:00","level":"INFO","msg":"starting seed data generation","vault":76,"target_population":500}
{"time":"2025-12-28T20:09:15.155363-06:00","level":"INFO","msg":"closing database"}
{"time":"2025-12-28T20:09:15.155654-06:00","level":"INFO","msg":"database closed gracefully"}
{"time":"2025-12-28T20:09:52.372469-06:00","level":"INFO","msg":"VT-UOS starting","version":"dev","build_time":"unknown","config_path":"/Users/stephenperry/.config/vtuos/vault.toml"}
{"time":"2025-12-28T20:09:52.373951-06:00","level":"INFO","msg":"database integrity check passed","path":"/Users/stephenperry/.local/share/vtuos/vault.db"}
{"time":"2025-12-28T20:09:52.375113-06:00","level":"INFO","msg":"database is up to date","version":2}
{"time":"2025-12-28T20:09:52.37512-06:00","level":"INFO","msg":"generating seed data","vault":76}
{"time":"2025-12-28T20:09:52.375147-06:00","level":"INFO","msg":"starting seed data generation","vault":76,"target_population":500}
{"time":"2025-12-28T20:09:52.385347-06:00","level":"INFO","msg":"closing database"}
{"time":"2025-12-28T20:09:52.385632-06:00","level":"INFO","msg":"database closed gracefully"}
{"time":"2025-12-28T20:10:33.263455-06:00","level":"INFO","msg":"VT-UOS starting","version":"dev","build_time":"unknown","config_path":"/Users/stephenperry/.config/vtuos/vault.toml"}
{"time":"2025-12-28T20:10:33.268197-06:00","level":"INFO","msg":"database integrity check passed","path":"/Users/stephenperry/.local/share/vtuos/vault.db"}
{"time":"2025-12-28T20:10:33.270554-06:00","level":"INFO","msg":"database is up to date","version":2}
{"time":"2025-12-28T20:10:33.270579-06:00","level":"INFO","msg":"generating seed data","vault":76}
{"time":"2025-12-28T20:10:33.270645-06:00","level":"INFO","msg":"starting seed data generation","vault":76,"target_population":500}
{"time":"2025-12-28T20:10:33.286502-06:00","level":"INFO","msg":"closing database"}
{"time":"2025-12-28T20:10:33.286932-06:00","level":"INFO","msg":"database closed gracefully"}
{"time":"2025-12-28T20:11:41.339997-06:00","level":"INFO","msg":"VT-UOS starting","version":"dev","build_time":"unknown","config_path":"/Users/stephenperry/.config/vtuos/vault.toml"}
{"time":"2025-12-28T20:11:41.343448-06:00","level":"INFO","msg":"applying migration","version":1,"description":"initial"}
{"time":"2025-12-28T20:11:41.348306-06:00","level":"INFO","msg":"applying migration","version":2,"description":"performance hardening"}
{"time":"2025-12-28T20:11:41.353135-06:00","level":"INFO","msg":"migrations complete","from":0,"to":2,"applied":2}
{"time":"2025-12-28T20:11:41.353144-06:00","level":"INFO","msg":"applied migrations","count":2,"to_version":2}
{"time":"2025-12-28T20:11:41.353159-06:00","level":"INFO","msg":"generating seed data","vault":76}
{"time":"2025-12-28T20:11:41.353211-06:00","level":"INFO","msg":"starting seed data generation","vault":76,"target_population":500}
{"time":"2025-12-28T20:11:41.395546-06:00","level":"INFO","msg":"seed data generation complete","residents":500,"households":186}
{"time":"2025-12-28T20:11:41.395569-06:00","level":"INFO","msg":"seed data generation complete"}
{"time":"2025-12-28T20:11:41.395573-06:00","level":"INFO","msg":"closing database"}
{"time":"2025-12-28T20:11:41.397278-06:00","level":"INFO","msg":"database closed gracefully"}
{"time":"2025-12-28T20:22:03.021962-06:00","level":"INFO","msg":"VT-UOS starting","version":"dev","build_time":"unknown","config_path":"/Users/stephenperry/.config/vtuos/vault.toml"}
{"time":"2025-12-28T20:22:03.030188-06:00","level":"INFO","msg":"database integrity check passed","path":"/Users/stephenperry/.local/share/vtuos/vault.db"}
{"time":"2025-12-28T20:22:03.039348-06:00","level":"INFO","msg":"database is up to date","version":2}
{"time":"2025-12-28T20:22:03.03936-06:00","level":"INFO","msg":"starting TUI","vault":"Vault 076","simulation":true}
{"time":"2025-12-28T20:23:16.484772-06:00","level":"INFO","msg":"VT-UOS shutdown complete"}
{"time":"2025-12-28T20:23:16.484922-06:00","level":"INFO","msg":"closing database"}
{"time":"2025-12-28T20:23:16.486753-06:00","level":"INFO","msg":"database closed gracefully"}
{"time":"2025-12-28T20:24:25.826071-06:00","level":"INFO","msg":"VT-UOS starting","version":"dev","build_time":"unknown","config_path":"/Users/stephenperry/.config/vtuos/vault.toml"}
{"time":"2025-12-28T20:24:25.838077-06:00","level":"INFO","msg":"database integrity check passed","path":"/Users/stephenperry/.local/share/vtuos/vault.db"}
{"time":"2025-12-28T20:24:25.84955-06:00","level":"INFO","msg":"database is up to date","version":2}
{"time":"2025-12-28T20:24:25.849559-06:00","level":"INFO","msg":"starting TUI","vault":"Vault 076","simulation":true}
{"time":"2025-12-28T20:24:41.587753-06:00","level":"INFO","msg":"VT-UOS shutdown complete"}
{"time":"2025-12-28T20:24:41.587855-06:00","level":"INFO","msg":"closing database"}
{"time":"2025-12-28T20:24:41.589668-06:00","level":"INFO","msg":"database closed gracefully"}
{"time":"2025-12-28T20:24:54.438183-06:00","level":"INFO","msg":"VT-UOS starting","version":"dev","build_time":"unknown","config_path":"/Users/stephenperry/.config/vtuos/vault.toml"}
{"time":"2025-12-28T20:24:54.448138-06:00","level":"INFO","msg":"database integrity check passed","path":"/Users/stephenperry/.local/share/vtuos/vault.db"}
{"time":"2025-12-28T20:24:54.459198-06:00","level":"INFO","msg":"database is up to date","version":2}
{"time":"2025-12-28T20:24:54.459213-06:00","level":"INFO","msg":"starting TUI","vault":"Vault 076","simulation":true}
{"time":"2025-12-28T20:25:34.489564-06:00","level":"INFO","msg":"VT-UOS shutdown complete"}
{"time":"2025-12-28T20:25:34.489664-06:00","level":"INFO","msg":"closing database"}
{"time":"2025-12-28T20:25:34.490618-06:00","level":"INFO","msg":"database closed gracefully"}
{"time":"2025-12-28T20:29:45.953638-06:00","level":"INFO","msg":"VT-UOS starting","version":"dev","build_time":"unknown","config_path":"/Users/stephenperry/.config/vtuos/vault.toml"}
{"time":"2025-12-28T20:29:45.965543-06:00","level":"INFO","msg":"database integrity check passed","path":"/Users/stephenperry/.local/share/vtuos/vault.db"}
{"time":"2025-12-28T20:29:45.976905-06:00","level":"INFO","msg":"database is up to date","version":2}
{"time":"2025-12-28T20:29:45.976914-06:00","level":"INFO","msg":"starting TUI","vault":"Vault 076","simulation":true}
{"time":"2025-12-28T20:30:26.208076-06:00","level":"INFO","msg":"VT-UOS shutdown complete"}
{"time":"2025-12-28T20:30:26.208192-06:00","level":"INFO","msg":"closing database"}
{"time":"2025-12-28T20:30:26.209752-06:00","level":"INFO","msg":"database closed gracefully"}
{"time":"2025-12-28T20:43:34.360357-06:00","level":"INFO","msg":"VT-UOS starting","version":"dev","build_time":"2025-12-29_02:40:38","config_path":"/Users/stephenperry/.config/vtuos/vault.toml"}
{"time":"2025-12-28T20:43:34.372184-06:00","level":"INFO","msg":"database integrity check passed","path":"/Users/stephenperry/.local/share/vtuos/vault.db"}
{"time":"2025-12-28T20:43:34.383715-06:00","level":"INFO","msg":"database is up to date","version":2}
{"time":"2025-12-28T20:43:34.38373-06:00","level":"INFO","msg":"generating seed data","vault":76}
{"time":"2025-12-28T20:43:34.383753-06:00","level":"WARN","msg":"database already contains residents, skipping seed generation","count":500}
{"time":"2025-12-28T20:43:34.383782-06:00","level":"INFO","msg":"closing database"}
{"time":"2025-12-28T20:43:34.384145-06:00","level":"INFO","msg":"database closed gracefully"}
{"time":"2025-12-28T20:46:11.447209-06:00","level":"INFO","msg":"VT-UOS starting","version":"dev","build_time":"unknown","config_path":"/Users/stephenperry/.config/vtuos/vault.toml"}
{"time":"2025-12-28T20:46:11.45727-06:00","level":"INFO","msg":"database integrity check passed","path":"/Users/stephenperry/.local/share/vtuos/vault.db"}
{"time":"2025-12-28T20:46:11.468321-06:00","level":"INFO","msg":"database is up to date","version":2}
{"time":"2025-12-28T20:46:11.468338-06:00","level":"INFO","msg":"starting TUI","vault":"Vault 076","simulation":true}
{"time":"2025-12-28T20:46:20.744719-06:00","level":"INFO","msg":"VT-UOS shutdown complete"}
{"time":"2025-12-28T20:46:20.744802-06:00","level":"INFO","msg":"closing database"}
{"time":"2025-12-28T20:46:20.746136-06:00","level":"INFO","msg":"database closed gracefully"}
{"time":"2025-12-28T20:48:51.895435-06:00","level":"INFO","msg":"VT-UOS starting","version":"dev","build_time":"unknown","config_path":"/Users/stephenperry/.config/vtuos/vault.toml"}
{"time":"2025-12-28T20:48:51.905955-06:00","level":"INFO","msg":"database integrity check passed","path":"/Users/stephenperry/.local/share/vtuos/vault.db"}
{"time":"2025-12-28T20:48:51.917309-06:00","level":"INFO","msg":"database is up to date","version":2}
{"time":"2025-12-28T20:48:51.917329-06:00","level":"INFO","msg":"starting TUI","vault":"Vault 076","simulation":true}
{"time":"2025-12-28T20:50:01.416715-06:00","level":"INFO","msg":"VT-UOS shutdown complete"}
{"time":"2025-12-28T20:50:01.416825-06:00","level":"INFO","msg":"closing database"}
{"time":"2025-12-28T20:50:01.418314-06:00","level":"INFO","msg":"database closed gracefully"}
{"time":"2025-12-28T20:50:28.754995-06:00","level":"INFO","msg":"VT-UOS starting","version":"dev","build_time":"unknown","config_path":"/Users/stephenperry/.config/vtuos/vault.toml"}
{"time":"2025-12-28T20:50:28.765525-06:00","level":"INFO","msg":"database integrity check passed","path":"/Users/stephenperry/.local/share/vtuos/vault.db"}
{"time":"2025-12-28T20:50:28.776761-06:00","level":"INFO","msg":"database is up to date","version":2}
{"time":"2025-12-28T20:50:28.776785-06:00","level":"INFO","msg":"starting TUI","vault":"Vault 076","simulation":true}
{"time":"2025-12-28T20:53:58.017594-06:00","level":"INFO","msg":"VT-UOS shutdown complete"}
{"time":"2025-12-28T20:53:58.0177-06:00","level":"INFO","msg":"closing database"}
{"time":"2025-12-28T20:53:58.019168-06:00","level":"INFO","msg":"database closed gracefully"}
{"time":"2025-12-28T20:53:59.150087-06:00","level":"INFO","msg":"VT-UOS starting","version":"dev","build_time":"unknown","config_path":"/Users/stephenperry/.config/vtuos/vault.toml"}
{"time":"2025-12-28T20:53:59.160133-06:00","level":"INFO","msg":"database integrity check passed","path":"/Users/stephenperry/.local/share/vtuos/vault.db"}
{"time":"2025-12-28T20:53:59.171071-06:00","level":"INFO","msg":"database is up to date","version":2}
{"time":"2025-12-28T20:53:59.171095-06:00","level":"INFO","msg":"starting TUI","vault":"Vault 076","simulation":true}
{"time":"2025-12-28T20:54:59.812808-06:00","level":"INFO","msg":"VT-UOS shutdown complete"}
{"time":"2025-12-28T20:54:59.812951-06:00","level":"INFO","msg":"closing database"}
{"time":"2025-12-28T20:54:59.814854-06:00","level":"INFO","msg":"database closed gracefully"}
{"time":"2025-12-28T21:03:18.255163-06:00","level":"INFO","msg":"VT-UOS starting","version":"dev","build_time":"unknown","config_path":"/Users/stephenperry/.config/vtuos/vault.toml"}
{"time":"2025-12-28T21:03:18.264843-06:00","level":"INFO","msg":"database integrity check passed","path":"/Users/stephenperry/.local/share/vtuos/vault.db"}
{"time":"2025-12-28T21:03:18.275443-06:00","level":"INFO","msg":"database is up to date","version":2}
{"time":"2025-12-28T21:03:18.275458-06:00","level":"INFO","msg":"starting TUI","vault":"Vault 076","simulation":true}
{"time":"2025-12-28T21:03:28.082874-06:00","level":"INFO","msg":"VT-UOS shutdown complete"}
{"time":"2025-12-28T21:03:28.082968-06:00","level":"INFO","msg":"closing database"}
{"time":"2025-12-28T21:03:28.084252-06:00","level":"INFO","msg":"database closed gracefully"}
{"time":"2025-12-28T21:08:00.337794-06:00","level":"INFO","msg":"VT-UOS starting","version":"dev","build_time":"2025-12-29_03:07:59","config_path":"/Users/stephenperry/.config/vtuos/vault.toml"}
{"time":"2025-12-28T21:08:00.349687-06:00","level":"INFO","msg":"database integrity check passed","path":"/Users/stephenperry/.local/share/vtuos/vault.db"}
{"time":"2025-12-28T21:08:00.361034-06:00","level":"INFO","msg":"database is up to date","version":2}
{"time":"2025-12-28T21:08:00.361043-06:00","level":"INFO","msg":"starting TUI","vault":"Vault 076","simulation":true}
{"time":"2025-12-28T21:08:36.537611-06:00","level":"INFO","msg":"VT-UOS shutdown complete"}
{"time":"2025-12-28T21:08:36.537716-06:00","level":"INFO","msg":"closing database"}
{"time":"2025-12-28T21:08:36.539224-06:00","level":"INFO","msg":"database closed gracefully"}
{"time":"2025-12-28T21:15:02.485975-06:00","level":"INFO","msg":"VT-UOS starting","version":"dev","build_time":"2025-12-29_03:15:01","config_path":"/Users/stephenperry/.config/vtuos/vault.toml"}
{"time":"2025-12-28T21:15:02.49796-06:00","level":"INFO","msg":"database integrity check passed","path":"/Users/stephenperry/.local/share/vtuos/vault.db"}
{"time":"2025-12-28T21:15:02.509494-06:00","level":"INFO","msg":"database is up to date","version":2}
{"time":"2025-12-28T21:15:02.509504-06:00","level":"INFO","msg":"starting TUI","vault":"Vault 076","simulation":true}
{"time":"2025-12-28T21:17:44.012757-06:00","level":"INFO","msg":"VT-UOS shutdown complete"}
{"time":"2025-12-28T21:17:44.012885-06:00","level":"INFO","msg":"closing database"}
{"time":"2025-12-28T21:17:44.014691-06:00","level":"INFO","msg":"database closed gracefully"}
{"time":"2025-12-28T21:20:59.889199-06:00","level":"INFO","msg":"VT-UOS starting","version":"dev","build_time":"2025-12-29_03:20:59","config_path":"/Users/stephenperry/.config/vtuos/vault.toml"}
{"time":"2025-12-28T21:20:59.901831-06:00","level":"INFO","msg":"database integrity check passed","path":"/Users/stephenperry/.local/share/vtuos/vault.db"}
{"time":"2025-12-28T21:20:59.913229-06:00","level":"INFO","msg":"database is up to date","version":2}
{"time":"2025-12-28T21:20:59.913243-06:00","level":"INFO","msg":"starting TUI","vault":"Vault 076","simulation":true}
{"time":"2025-12-28T21:21:14.665455-06:00","level":"INFO","msg":"VT-UOS shutdown complete"}
{"time":"2025-12-28T21:21:14.665562-06:00","level":"INFO","msg":"closing database"}
{"time":"2025-12-28T21:21:14.666994-06:00","level":"INFO","msg":"database closed gracefully"}
{"time":"2025-12-28T21:23:27.659863-06:00","level":"INFO","msg":"VT-UOS starting","version":"dev","build_time":"2025-12-29_03:23:27","config_path":"/Users/stephenperry/.config/vtuos/vault.toml"}
{"time":"2025-12-28T21:23:27.671656-06:00","level":"INFO","msg":"database integrity check passed","path":"/Users/stephenperry/.local/share/vtuos/vault.db"}
{"time":"2025-12-28T21:23:27.683177-06:00","level":"INFO","msg":"database is up to date","version":2}
{"time":"2025-12-28T21:23:27.683188-06:00","level":"INFO","msg":"starting TUI","vault":"Vault 076","simulation":true}
{"time":"2025-12-28T21:26:34.366271-06:00","level":"INFO","msg":"VT-UOS shutdown complete"}
{"time":"2025-12-28T21:26:34.36637-06:00","level":"INFO","msg":"closing database"}
{"time":"2025-12-28T21:26:34.367828-06:00","level":"INFO","msg":"database closed gracefully"}
{"time":"2025-12-28T21:30:09.500201-06:00","level":"INFO","msg":"VT-UOS starting","version":"dev","build_time":"2025-12-29_03:28:19","config_path":"testdata/vault-076.toml"}
{"time":"2025-12-28T21:30:09.512444-06:00","level":"INFO","msg":"database integrity check passed","path":"/Users/stephenperry/.local/share/vtuos/vault.db"}
{"time":"2025-12-28T21:30:09.523946-06:00","level":"INFO","msg":"database is up to date","version":2}
{"time":"2025-12-28T21:30:09.523963-06:00","level":"INFO","msg":"generating seed data","vault":76}
{"time":"2025-12-28T21:30:09.52398-06:00","level":"WARN","msg":"database already contains residents, skipping seed generation","count":500}
{"time":"2025-12-28T21:30:09.523999-06:00","level":"INFO","msg":"closing database"}
{"time":"2025-12-28T21:30:09.524399-06:00","level":"INFO","msg":"database closed gracefully"}
{"time":"2025-12-28T21:31:47.655705-06:00","level":"INFO","msg":"VT-UOS starting","version":"dev","build_time":"2025-12-29_03:31:47","config_path":"/Users/stephenperry/.config/vtuos/vault.toml"}
{"time":"2025-12-28T21:31:47.668528-06:00","level":"INFO","msg":"database integrity check passed","path":"/Users/stephenperry/.local/share/vtuos/vault.db"}
{"time":"2025-12-28T21:31:47.679995-06:00","level":"INFO","msg":"database is up to date","version":2}
{"time":"2025-12-28T21:31:47.680007-06:00","level":"INFO","msg":"starting TUI","vault":"Vault 076","simulation":true}
{"time":"2025-12-28T21:32:19.99035-06:00","level":"INFO","msg":"VT-UOS shutdown complete"}
{"time":"2025-12-28T21:32:19.990475-06:00","level":"INFO","msg":"closing database"}
{"time":"2025-12-28T21:32:19.991969-06:00","level":"INFO","msg":"database closed gracefully"}
{"time":"2025-12-28T21:42:06.235848-06:00","level":"INFO","msg":"VT-UOS starting","version":"dev","build_time":"2025-12-29_03:41:52","config_path":"testdata/vault-076.toml"}
{"time":"2025-12-28T21:42:06.238915-06:00","level":"INFO","msg":"applying migration","version":1,"description":"initial"}
{"time":"2025-12-28T21:42:06.243803-06:00","level":"INFO","msg":"applying migration","version":2,"description":"performance hardening"}
{"time":"2025-12-28T21:42:06.248343-06:00","level":"INFO","msg":"migrations complete","from":0,"to":2,"applied":2}
{"time":"2025-12-28T21:42:06.248361-06:00","level":"INFO","msg":"applied migrations","count":2,"to_version":2}
{"time":"2025-12-28T21:42:06.248365-06:00","level":"INFO","msg":"generating seed data","vault":76}
{"time":"2025-12-28T21:42:06.248431-06:00","level":"INFO","msg":"starting seed data generation","vault":76,"target_population":500}
{"time":"2025-12-28T21:42:06.291848-06:00","level":"INFO","msg":"seed data generation complete","residents":500,"households":186}
{"time":"2025-12-28T21:42:06.291864-06:00","level":"INFO","msg":"seed data generation complete"}
{"time":"2025-12-28T21:42:06.291867-06:00","level":"INFO","msg":"closing database"}
{"time":"2025-12-28T21:42:06.293435-06:00","level":"INFO","msg":"database closed gracefully"}
